[2026-02-06T19:55:20.263648+00:00] bible.DEBUG: User token updated {"has_token":false} []
[2026-02-06T19:55:20.264211+00:00] bible.DEBUG: Timeout updated {"timeout":10.0} []
[2026-02-06T19:55:20.264349+00:00] bible.DEBUG: Making API request {"uri":"verses/nvi/sl/23","attempt":1,"max_attempts":5} []
[2026-02-06T19:55:20.999761+00:00] bible.WARNING: HTTP error, retrying {"uri":"verses/nvi/sl/23","status_code":500,"attempt":1,"delay_ms":0} []
[2026-02-06T19:55:20.999880+00:00] bible.DEBUG: Making API request {"uri":"verses/nvi/sl/23","attempt":2,"max_attempts":5} []
[2026-02-06T19:55:21.387796+00:00] bible.WARNING: HTTP error, retrying {"uri":"verses/nvi/sl/23","status_code":500,"attempt":2,"delay_ms":50} []
[2026-02-06T19:55:21.438047+00:00] bible.DEBUG: Making API request {"uri":"verses/nvi/sl/23","attempt":3,"max_attempts":5} []
[2026-02-06T19:55:21.694954+00:00] bible.WARNING: HTTP error, retrying {"uri":"verses/nvi/sl/23","status_code":500,"attempt":3,"delay_ms":75} []
[2026-02-06T19:55:21.770191+00:00] bible.DEBUG: Making API request {"uri":"verses/nvi/sl/23","attempt":4,"max_attempts":5} []
[2026-02-06T19:55:21.924795+00:00] bible.WARNING: HTTP error, retrying {"uri":"verses/nvi/sl/23","status_code":500,"attempt":4,"delay_ms":112} []
[2026-02-06T19:55:22.037052+00:00] bible.DEBUG: Making API request {"uri":"verses/nvi/sl/23","attempt":5,"max_attempts":5} []
[2026-02-06T19:55:22.208237+00:00] bible.WARNING: HTTP error, retrying {"uri":"verses/nvi/sl/23","status_code":500,"attempt":5,"delay_ms":168} []
[2026-02-06T19:55:22.376472+00:00] bible.DEBUG: Making API request {"uri":"verses/nvi/sl/23","attempt":6,"max_attempts":5} []
[2026-02-06T19:55:22.618056+00:00] bible.ERROR: HTTP error {"uri":"verses/nvi/sl/23","status_code":500,"error":"Server error: `GET https://www.abibliadigital.com.br/api/verses/nvi/sl/23` resulted in a `500 Internal Server Error` response:\n{\"msg\":\"Oops! An unexpected error has occurred, create an [issue](https://github.com/omarciovsena/abibliadigital/issues/ (truncated...)\n"} []
[2026-03-09T17:44:11.339016+00:00] bible.DEBUG: User token updated {"has_token":false} []
[2026-03-09T17:44:11.339851+00:00] bible.DEBUG: Timeout updated {"timeout":10.0} []
[2026-03-09T17:44:11.339986+00:00] bible.DEBUG: Making API request {"uri":"verses/nvi/sl/23","attempt":1,"max_attempts":5} []
[2026-03-09T17:44:12.013894+00:00] bible.WARNING: HTTP error, retrying {"uri":"verses/nvi/sl/23","status_code":500,"attempt":1,"delay_ms":0} []
[2026-03-09T17:44:12.013948+00:00] bible.DEBUG: Making API request {"uri":"verses/nvi/sl/23","attempt":2,"max_attempts":5} []
[2026-03-09T17:44:12.205462+00:00] bible.WARNING: HTTP error, retrying {"uri":"verses/nvi/sl/23","status_code":500,"attempt":2,"delay_ms":50} []
[2026-03-09T17:44:12.255651+00:00] bible.DEBUG: Making API request {"uri":"verses/nvi/sl/23","attempt":3,"max_attempts":5} []
[2026-03-09T17:44:12.513546+00:00] bible.WARNING: HTTP error, retrying {"uri":"verses/nvi/sl/23","status_code":500,"attempt":3,"delay_ms":75} []
[2026-03-09T17:44:12.588722+00:00] bible.DEBUG: Making API request {"uri":"verses/nvi/sl/23","attempt":4,"max_attempts":5} []
[2026-03-09T17:44:12.820516+00:00] bible.WARNING: HTTP error, retrying {"uri":"verses/nvi/sl/23","status_code":500,"attempt":4,"delay_ms":112} []
[2026-03-09T17:44:12.932704+00:00] bible.DEBUG: Making API request {"uri":"verses/nvi/sl/23","attempt":5,"max_attempts":5} []
[2026-03-09T17:44:13.231063+00:00] bible.WARNING: HTTP error, retrying {"uri":"verses/nvi/sl/23","status_code":500,"attempt":5,"delay_ms":168} []
[2026-03-09T17:44:13.399280+00:00] bible.DEBUG: Making API request {"uri":"verses/nvi/sl/23","attempt":6,"max_attempts":5} []
[2026-03-09T17:44:13.639561+00:00] bible.ERROR: HTTP error {"uri":"verses/nvi/sl/23","status_code":500,"error":"Server error: `GET https://www.abibliadigital.com.br/api/verses/nvi/sl/23` resulted in a `500 Internal Server Error` response:\n{\"msg\":\"Oops! An unexpected error has occurred, create an [issue](https://github.com/omarciovsena/abibliadigital/issues/ (truncated...)\n"} []
